2023-07-19 14:57:00,415:WARNING:
'cuml' is a soft dependency and not included in the pycaret installation. Please run: `pip install cuml` to install.
2023-07-19 14:57:00,415:WARNING:
'cuml' is a soft dependency and not included in the pycaret installation. Please run: `pip install cuml` to install.
2023-07-19 14:57:00,416:WARNING:
'cuml' is a soft dependency and not included in the pycaret installation. Please run: `pip install cuml` to install.
2023-07-19 14:57:00,416:WARNING:
'cuml' is a soft dependency and not included in the pycaret installation. Please run: `pip install cuml` to install.
2023-07-19 15:53:20,968:INFO:PyCaret RegressionExperiment
2023-07-19 15:53:20,969:INFO:Logging name: reg-default-name
2023-07-19 15:53:20,969:INFO:ML Usecase: MLUsecase.REGRESSION
2023-07-19 15:53:20,972:INFO:version 3.0.4
2023-07-19 15:53:20,973:INFO:Initializing setup()
2023-07-19 15:53:20,973:INFO:self.USI: 7b8b
2023-07-19 15:53:20,973:INFO:self._variable_keys: {'memory', 'exp_id', 'exp_name_log', 'y_train', 'y_test', 'transform_target_param', 'html_param', 'fold_groups_param', 'gpu_n_jobs_param', 'target_param', 'USI', 'log_plots_param', 'y', 'X_train', 'data', '_available_plots', 'pipeline', 'logging_param', 'X_test', 'fold_shuffle_param', 'n_jobs_param', 'idx', '_ml_usecase', 'X', 'gpu_param', 'seed', 'fold_generator'}
2023-07-19 15:53:20,974:INFO:Checking environment
2023-07-19 15:53:20,974:INFO:python_version: 3.9.13
2023-07-19 15:53:20,974:INFO:python_build: ('main', 'Aug 25 2022 23:51:50')
2023-07-19 15:53:20,974:INFO:machine: AMD64
2023-07-19 15:53:20,974:INFO:platform: Windows-10-10.0.19045-SP0
2023-07-19 15:53:20,974:INFO:Memory: svmem(total=8463691776, available=3282198528, percent=61.2, used=5181493248, free=3282198528)
2023-07-19 15:53:20,974:INFO:Physical Core: 2
2023-07-19 15:53:20,975:INFO:Logical Core: 4
2023-07-19 15:53:20,975:INFO:Checking libraries
2023-07-19 15:53:20,975:INFO:System:
2023-07-19 15:53:20,975:INFO:    python: 3.9.13 (main, Aug 25 2022, 23:51:50) [MSC v.1916 64 bit (AMD64)]
2023-07-19 15:53:20,975:INFO:executable: D:\anaconda\python.exe
2023-07-19 15:53:20,976:INFO:   machine: Windows-10-10.0.19045-SP0
2023-07-19 15:53:20,976:INFO:PyCaret required dependencies:
2023-07-19 15:53:20,978:INFO:                 pip: 23.1.2
2023-07-19 15:53:20,978:INFO:          setuptools: 67.8.0
2023-07-19 15:53:20,978:INFO:             pycaret: 3.0.4
2023-07-19 15:53:20,978:INFO:             IPython: 8.12.0
2023-07-19 15:53:20,978:INFO:          ipywidgets: 8.0.4
2023-07-19 15:53:20,978:INFO:                tqdm: 4.65.0
2023-07-19 15:53:20,978:INFO:               numpy: 1.23.5
2023-07-19 15:53:20,978:INFO:              pandas: 1.4.4
2023-07-19 15:53:20,978:INFO:              jinja2: 2.11.3
2023-07-19 15:53:20,978:INFO:               scipy: 1.10.1
2023-07-19 15:53:20,978:INFO:              joblib: 1.3.1
2023-07-19 15:53:20,978:INFO:             sklearn: 1.2.2
2023-07-19 15:53:20,978:INFO:                pyod: 1.1.0
2023-07-19 15:53:20,978:INFO:            imblearn: 0.11.0
2023-07-19 15:53:20,978:INFO:   category_encoders: 2.6.1
2023-07-19 15:53:20,978:INFO:            lightgbm: 3.3.5
2023-07-19 15:53:20,978:INFO:               numba: 0.57.0
2023-07-19 15:53:20,978:INFO:            requests: 2.29.0
2023-07-19 15:53:20,978:INFO:          matplotlib: 3.7.1
2023-07-19 15:53:20,978:INFO:          scikitplot: 0.3.7
2023-07-19 15:53:20,978:INFO:         yellowbrick: 1.5
2023-07-19 15:53:20,978:INFO:              plotly: 5.9.0
2023-07-19 15:53:20,978:INFO:    plotly-resampler: Not installed
2023-07-19 15:53:20,978:INFO:             kaleido: 0.2.1
2023-07-19 15:53:20,978:INFO:           schemdraw: 0.15
2023-07-19 15:53:20,978:INFO:         statsmodels: 0.13.5
2023-07-19 15:53:20,978:INFO:              sktime: 0.20.0
2023-07-19 15:53:20,978:INFO:               tbats: 1.1.3
2023-07-19 15:53:20,978:INFO:            pmdarima: 2.0.3
2023-07-19 15:53:20,978:INFO:              psutil: 5.9.0
2023-07-19 15:53:20,978:INFO:          markupsafe: 2.0.1
2023-07-19 15:53:20,978:INFO:             pickle5: Not installed
2023-07-19 15:53:20,978:INFO:         cloudpickle: 2.2.1
2023-07-19 15:53:20,978:INFO:         deprecation: 2.1.0
2023-07-19 15:53:20,978:INFO:              xxhash: 3.2.0
2023-07-19 15:53:20,978:INFO:           wurlitzer: 3.0.3
2023-07-19 15:53:20,978:INFO:PyCaret optional dependencies:
2023-07-19 15:53:21,011:INFO:                shap: Not installed
2023-07-19 15:53:21,011:INFO:           interpret: Not installed
2023-07-19 15:53:21,011:INFO:                umap: Not installed
2023-07-19 15:53:21,011:INFO:    pandas_profiling: 4.1.2
2023-07-19 15:53:21,011:INFO:  explainerdashboard: Not installed
2023-07-19 15:53:21,011:INFO:             autoviz: Not installed
2023-07-19 15:53:21,011:INFO:           fairlearn: Not installed
2023-07-19 15:53:21,011:INFO:          deepchecks: Not installed
2023-07-19 15:53:21,011:INFO:             xgboost: Not installed
2023-07-19 15:53:21,012:INFO:            catboost: Not installed
2023-07-19 15:53:21,012:INFO:              kmodes: Not installed
2023-07-19 15:53:21,012:INFO:             mlxtend: Not installed
2023-07-19 15:53:21,012:INFO:       statsforecast: Not installed
2023-07-19 15:53:21,012:INFO:        tune_sklearn: Not installed
2023-07-19 15:53:21,012:INFO:                 ray: Not installed
2023-07-19 15:53:21,012:INFO:            hyperopt: Not installed
2023-07-19 15:53:21,012:INFO:              optuna: Not installed
2023-07-19 15:53:21,012:INFO:               skopt: Not installed
2023-07-19 15:53:21,012:INFO:              mlflow: Not installed
2023-07-19 15:53:21,012:INFO:              gradio: Not installed
2023-07-19 15:53:21,012:INFO:             fastapi: Not installed
2023-07-19 15:53:21,012:INFO:             uvicorn: Not installed
2023-07-19 15:53:21,012:INFO:              m2cgen: Not installed
2023-07-19 15:53:21,012:INFO:           evidently: Not installed
2023-07-19 15:53:21,012:INFO:               fugue: Not installed
2023-07-19 15:53:21,012:INFO:           streamlit: Not installed
2023-07-19 15:53:21,013:INFO:             prophet: Not installed
2023-07-19 15:53:21,013:INFO:None
2023-07-19 15:53:21,013:INFO:Set up data.
2023-07-19 15:53:21,039:INFO:Set up train/test split.
2023-07-19 15:53:21,055:INFO:Set up index.
2023-07-19 15:53:21,055:INFO:Set up folding strategy.
2023-07-19 15:53:21,055:INFO:Assigning column types.
2023-07-19 15:53:21,070:INFO:Engine successfully changes for model 'lr' to 'sklearn'.
2023-07-19 15:53:21,070:INFO:Engine for model 'lasso' has not been set explicitly, hence returning None.
2023-07-19 15:53:21,070:INFO:Engine for model 'ridge' has not been set explicitly, hence returning None.
2023-07-19 15:53:21,070:INFO:Engine for model 'en' has not been set explicitly, hence returning None.
2023-07-19 15:53:21,164:INFO:Engine for model 'svm' has not been set explicitly, hence returning None.
2023-07-19 15:53:21,211:INFO:Engine for model 'knn' has not been set explicitly, hence returning None.
2023-07-19 15:53:21,211:WARNING:
'xgboost' is a soft dependency and not included in the pycaret installation. Please run: `pip install xgboost` to install.
Alternately, you can install this by running `pip install pycaret[models]`
2023-07-19 15:53:22,445:WARNING:
'catboost' is a soft dependency and not included in the pycaret installation. Please run: `pip install catboost` to install.
Alternately, you can install this by running `pip install pycaret[models]`
2023-07-19 15:53:22,445:INFO:Engine for model 'lasso' has not been set explicitly, hence returning None.
2023-07-19 15:53:22,461:INFO:Engine for model 'ridge' has not been set explicitly, hence returning None.
2023-07-19 15:53:22,461:INFO:Engine for model 'en' has not been set explicitly, hence returning None.
2023-07-19 15:53:22,539:INFO:Engine for model 'svm' has not been set explicitly, hence returning None.
2023-07-19 15:53:22,586:INFO:Engine for model 'knn' has not been set explicitly, hence returning None.
2023-07-19 15:53:22,586:WARNING:
'xgboost' is a soft dependency and not included in the pycaret installation. Please run: `pip install xgboost` to install.
Alternately, you can install this by running `pip install pycaret[models]`
2023-07-19 15:53:22,586:WARNING:
'catboost' is a soft dependency and not included in the pycaret installation. Please run: `pip install catboost` to install.
Alternately, you can install this by running `pip install pycaret[models]`
2023-07-19 15:53:22,586:INFO:Engine successfully changes for model 'lasso' to 'sklearn'.
2023-07-19 15:53:22,601:INFO:Engine for model 'ridge' has not been set explicitly, hence returning None.
2023-07-19 15:53:22,601:INFO:Engine for model 'en' has not been set explicitly, hence returning None.
2023-07-19 15:53:22,679:INFO:Engine for model 'svm' has not been set explicitly, hence returning None.
2023-07-19 15:53:22,742:INFO:Engine for model 'knn' has not been set explicitly, hence returning None.
2023-07-19 15:53:22,742:WARNING:
'xgboost' is a soft dependency and not included in the pycaret installation. Please run: `pip install xgboost` to install.
Alternately, you can install this by running `pip install pycaret[models]`
2023-07-19 15:53:22,742:WARNING:
'catboost' is a soft dependency and not included in the pycaret installation. Please run: `pip install catboost` to install.
Alternately, you can install this by running `pip install pycaret[models]`
2023-07-19 15:53:22,742:INFO:Engine for model 'ridge' has not been set explicitly, hence returning None.
2023-07-19 15:53:22,742:INFO:Engine for model 'en' has not been set explicitly, hence returning None.
2023-07-19 15:53:22,820:INFO:Engine for model 'svm' has not been set explicitly, hence returning None.
2023-07-19 15:53:22,882:INFO:Engine for model 'knn' has not been set explicitly, hence returning None.
2023-07-19 15:53:22,882:WARNING:
'xgboost' is a soft dependency and not included in the pycaret installation. Please run: `pip install xgboost` to install.
Alternately, you can install this by running `pip install pycaret[models]`
2023-07-19 15:53:22,882:WARNING:
'catboost' is a soft dependency and not included in the pycaret installation. Please run: `pip install catboost` to install.
Alternately, you can install this by running `pip install pycaret[models]`
2023-07-19 15:53:22,882:INFO:Engine successfully changes for model 'ridge' to 'sklearn'.
2023-07-19 15:53:22,882:INFO:Engine for model 'en' has not been set explicitly, hence returning None.
2023-07-19 15:53:22,961:INFO:Engine for model 'svm' has not been set explicitly, hence returning None.
2023-07-19 15:53:23,007:INFO:Engine for model 'knn' has not been set explicitly, hence returning None.
2023-07-19 15:53:23,007:WARNING:
'xgboost' is a soft dependency and not included in the pycaret installation. Please run: `pip install xgboost` to install.
Alternately, you can install this by running `pip install pycaret[models]`
2023-07-19 15:53:23,007:WARNING:
'catboost' is a soft dependency and not included in the pycaret installation. Please run: `pip install catboost` to install.
Alternately, you can install this by running `pip install pycaret[models]`
2023-07-19 15:53:23,023:INFO:Engine for model 'en' has not been set explicitly, hence returning None.
2023-07-19 15:53:23,086:INFO:Engine for model 'svm' has not been set explicitly, hence returning None.
2023-07-19 15:53:23,148:INFO:Engine for model 'knn' has not been set explicitly, hence returning None.
2023-07-19 15:53:23,148:WARNING:
'xgboost' is a soft dependency and not included in the pycaret installation. Please run: `pip install xgboost` to install.
Alternately, you can install this by running `pip install pycaret[models]`
2023-07-19 15:53:23,148:WARNING:
'catboost' is a soft dependency and not included in the pycaret installation. Please run: `pip install catboost` to install.
Alternately, you can install this by running `pip install pycaret[models]`
2023-07-19 15:53:23,148:INFO:Engine successfully changes for model 'en' to 'sklearn'.
2023-07-19 15:53:23,226:INFO:Engine for model 'svm' has not been set explicitly, hence returning None.
2023-07-19 15:53:23,289:INFO:Engine for model 'knn' has not been set explicitly, hence returning None.
2023-07-19 15:53:23,289:WARNING:
'xgboost' is a soft dependency and not included in the pycaret installation. Please run: `pip install xgboost` to install.
Alternately, you can install this by running `pip install pycaret[models]`
2023-07-19 15:53:23,289:WARNING:
'catboost' is a soft dependency and not included in the pycaret installation. Please run: `pip install catboost` to install.
Alternately, you can install this by running `pip install pycaret[models]`
2023-07-19 15:53:23,367:INFO:Engine for model 'svm' has not been set explicitly, hence returning None.
2023-07-19 15:53:23,414:INFO:Engine for model 'knn' has not been set explicitly, hence returning None.
2023-07-19 15:53:23,414:WARNING:
'xgboost' is a soft dependency and not included in the pycaret installation. Please run: `pip install xgboost` to install.
Alternately, you can install this by running `pip install pycaret[models]`
2023-07-19 15:53:23,414:WARNING:
'catboost' is a soft dependency and not included in the pycaret installation. Please run: `pip install catboost` to install.
Alternately, you can install this by running `pip install pycaret[models]`
2023-07-19 15:53:23,414:INFO:Engine successfully changes for model 'knn' to 'sklearn'.
2023-07-19 15:53:23,507:INFO:Engine for model 'svm' has not been set explicitly, hence returning None.
2023-07-19 15:53:23,554:WARNING:
'xgboost' is a soft dependency and not included in the pycaret installation. Please run: `pip install xgboost` to install.
Alternately, you can install this by running `pip install pycaret[models]`
2023-07-19 15:53:23,554:WARNING:
'catboost' is a soft dependency and not included in the pycaret installation. Please run: `pip install catboost` to install.
Alternately, you can install this by running `pip install pycaret[models]`
2023-07-19 15:53:23,679:INFO:Engine for model 'svm' has not been set explicitly, hence returning None.
2023-07-19 15:53:23,726:WARNING:
'xgboost' is a soft dependency and not included in the pycaret installation. Please run: `pip install xgboost` to install.
Alternately, you can install this by running `pip install pycaret[models]`
2023-07-19 15:53:23,726:WARNING:
'catboost' is a soft dependency and not included in the pycaret installation. Please run: `pip install catboost` to install.
Alternately, you can install this by running `pip install pycaret[models]`
2023-07-19 15:53:23,726:INFO:Engine successfully changes for model 'svm' to 'sklearn'.
2023-07-19 15:53:23,867:WARNING:
'xgboost' is a soft dependency and not included in the pycaret installation. Please run: `pip install xgboost` to install.
Alternately, you can install this by running `pip install pycaret[models]`
2023-07-19 15:53:23,867:WARNING:
'catboost' is a soft dependency and not included in the pycaret installation. Please run: `pip install catboost` to install.
Alternately, you can install this by running `pip install pycaret[models]`
2023-07-19 15:53:23,992:WARNING:
'xgboost' is a soft dependency and not included in the pycaret installation. Please run: `pip install xgboost` to install.
Alternately, you can install this by running `pip install pycaret[models]`
2023-07-19 15:53:23,992:WARNING:
'catboost' is a soft dependency and not included in the pycaret installation. Please run: `pip install catboost` to install.
Alternately, you can install this by running `pip install pycaret[models]`
2023-07-19 15:53:24,023:INFO:Preparing preprocessing pipeline...
2023-07-19 15:53:24,023:INFO:Set up simple imputation.
2023-07-19 15:53:24,023:INFO:Set up encoding of categorical features.
2023-07-19 15:53:24,023:INFO:Set up column name cleaning.
2023-07-19 15:53:24,289:INFO:Finished creating preprocessing pipeline.
2023-07-19 15:53:24,320:INFO:Pipeline: Pipeline(memory=FastMemory(location=C:\Users\danca\AppData\Local\Temp\joblib),
         steps=[('numerical_imputer',
                 TransformerWrapper(include=['temp', 'rain_1h', 'snow_1h',
                                             'clouds_all', 'Rush Hour'],
                                    transformer=SimpleImputer())),
                ('categorical_imputer',
                 TransformerWrapper(include=['holiday', 'weather_main'],
                                    transformer=SimpleImputer(strategy='most_frequent'))),
                ('onehot_encoding',
                 TransformerWrapper(include=['holiday', 'weather_main'],
                                    transformer=OneHotEncoder(cols=['holiday',
                                                                    'weather_main'],
                                                              handle_missing='return_nan',
                                                              use_cat_names=True))),
                ('clean_column_names',
                 TransformerWrapper(transformer=CleanColumnNames()))])
2023-07-19 15:53:24,320:INFO:Creating final display dataframe.
2023-07-19 15:53:24,757:INFO:Setup _display_container:                     Description             Value
0                    Session id               438
1                        Target    traffic_volume
2                   Target type        Regression
3           Original data shape        (48204, 8)
4        Transformed data shape       (48204, 29)
5   Transformed train set shape       (33742, 29)
6    Transformed test set shape       (14462, 29)
7              Numeric features                 5
8          Categorical features                 2
9                    Preprocess              True
10              Imputation type            simple
11           Numeric imputation              mean
12       Categorical imputation              mode
13     Maximum one-hot encoding                25
14              Encoding method              None
15               Fold Generator             KFold
16                  Fold Number                10
17                     CPU Jobs                -1
18                      Use GPU             False
19               Log Experiment             False
20              Experiment Name  reg-default-name
21                          USI              7b8b
2023-07-19 15:53:25,023:WARNING:
'xgboost' is a soft dependency and not included in the pycaret installation. Please run: `pip install xgboost` to install.
Alternately, you can install this by running `pip install pycaret[models]`
2023-07-19 15:53:25,023:WARNING:
'catboost' is a soft dependency and not included in the pycaret installation. Please run: `pip install catboost` to install.
Alternately, you can install this by running `pip install pycaret[models]`
2023-07-19 15:53:25,179:WARNING:
'xgboost' is a soft dependency and not included in the pycaret installation. Please run: `pip install xgboost` to install.
Alternately, you can install this by running `pip install pycaret[models]`
2023-07-19 15:53:25,179:WARNING:
'catboost' is a soft dependency and not included in the pycaret installation. Please run: `pip install catboost` to install.
Alternately, you can install this by running `pip install pycaret[models]`
2023-07-19 15:53:25,179:INFO:setup() successfully completed in 4.21s...............
